<?xml version="1.0" encoding="UTF-8"?>
<testng-results skipped="0" failed="0" total="1" passed="1">
  <reporter-output>
  </reporter-output>
  <suite name="Default suite" duration-ms="1533" started-at="2017-12-16T11:52:30Z" finished-at="2017-12-16T11:52:32Z">
    <groups>
    </groups>
    <test name="Default test" duration-ms="1533" started-at="2017-12-16T11:52:30Z" finished-at="2017-12-16T11:52:32Z">
      <class name="com.project.testexec.seleniumdb_test">
        <test-method status="PASS" signature="db_test()[pri:0, instance:com.project.testexec.seleniumdb_test@5034c75a]" name="db_test" duration-ms="1487" started-at="2017-12-16T17:22:30Z" finished-at="2017-12-16T17:22:32Z">
          <reporter-output>
          </reporter-output>
        </test-method> <!-- db_test -->
      </class> <!-- com.project.testexec.seleniumdb_test -->
    </test> <!-- Default test -->
  </suite> <!-- Default suite -->
</testng-results>
