<?xml version="1.0" encoding="UTF-8"?>
<testng-results skipped="0" failed="0" total="1" passed="1">
  <reporter-output>
  </reporter-output>
  <suite name="Default suite" duration-ms="20739" started-at="2017-12-11T07:39:37Z" finished-at="2017-12-11T07:39:58Z">
    <groups>
    </groups>
    <test name="Default test" duration-ms="20739" started-at="2017-12-11T07:39:37Z" finished-at="2017-12-11T07:39:58Z">
      <class name="com.project.testexec.log4j_exec">
        <test-method status="PASS" signature="log4jj()[pri:0, instance:com.project.testexec.log4j_exec@28d25987]" name="log4jj" duration-ms="20712" started-at="2017-12-11T13:09:37Z" finished-at="2017-12-11T13:09:58Z">
          <reporter-output>
          </reporter-output>
        </test-method> <!-- log4jj -->
      </class> <!-- com.project.testexec.log4j_exec -->
    </test> <!-- Default test -->
  </suite> <!-- Default suite -->
</testng-results>
